  Level.cpp
c:\users\jdcoo\documents\visual studio 2013\projects\ascii rougelike\ascii rougelike\level.cpp(33): warning C4018: '<' : signed/unsigned mismatch
c:\users\jdcoo\documents\visual studio 2013\projects\ascii rougelike\ascii rougelike\level.cpp(34): warning C4018: '<' : signed/unsigned mismatch
c:\users\jdcoo\documents\visual studio 2013\projects\ascii rougelike\ascii rougelike\level.cpp(69): warning C4018: '<' : signed/unsigned mismatch
c:\users\jdcoo\documents\visual studio 2013\projects\ascii rougelike\ascii rougelike\level.cpp(83): warning C4101: 'moveTile' : unreferenced local variable
c:\users\jdcoo\documents\visual studio 2013\projects\ascii rougelike\ascii rougelike\level.cpp(122): warning C4018: '<' : signed/unsigned mismatch
c:\users\jdcoo\documents\visual studio 2013\projects\ascii rougelike\ascii rougelike\level.cpp(185): error C2065: '_enemies' : undeclared identifier
c:\users\jdcoo\documents\visual studio 2013\projects\ascii rougelike\ascii rougelike\level.cpp(185): error C2228: left of '.getPosition' must have class/struct/union
c:\users\jdcoo\documents\visual studio 2013\projects\ascii rougelike\ascii rougelike\level.cpp(189): error C3861: 'getTile': identifier not found
c:\users\jdcoo\documents\visual studio 2013\projects\ascii rougelike\ascii rougelike\level.cpp(193): error C2065: '_enemies' : undeclared identifier
c:\users\jdcoo\documents\visual studio 2013\projects\ascii rougelike\ascii rougelike\level.cpp(193): error C2228: left of '.setPosition' must have class/struct/union
c:\users\jdcoo\documents\visual studio 2013\projects\ascii rougelike\ascii rougelike\level.cpp(194): error C3861: 'setTile': identifier not found
c:\users\jdcoo\documents\visual studio 2013\projects\ascii rougelike\ascii rougelike\level.cpp(195): error C2065: '_enemies' : undeclared identifier
c:\users\jdcoo\documents\visual studio 2013\projects\ascii rougelike\ascii rougelike\level.cpp(195): error C2228: left of '.getTile' must have class/struct/union
c:\users\jdcoo\documents\visual studio 2013\projects\ascii rougelike\ascii rougelike\level.cpp(195): error C3861: 'setTile': identifier not found
c:\users\jdcoo\documents\visual studio 2013\projects\ascii rougelike\ascii rougelike\level.cpp(217): warning C4018: '<' : signed/unsigned mismatch
  Enemy.cpp
c:\users\jdcoo\documents\visual studio 2013\projects\ascii rougelike\ascii rougelike\enemy.cpp(33): warning C4244: 'argument' : conversion from 'time_t' to 'unsigned int', possible loss of data
c:\users\jdcoo\documents\visual studio 2013\projects\ascii rougelike\ascii rougelike\enemy.cpp(57): warning C4244: 'argument' : conversion from 'time_t' to 'unsigned int', possible loss of data
  Generating Code...
  Compiling...
  main.cpp
  GameSystem.cpp
  Generating Code...
